> Task :app:checkKotlinGradlePluginConfigurationErrors SKIPPED
> Task :app:preBuild UP-TO-DATE
> Task :app:preDebugBuild UP-TO-DATE
> Task :app:generateDebugBuildConfig UP-TO-DATE
> Task :app:checkDebugAarMetadata UP-TO-DATE
> Task :app:generateDebugResValues UP-TO-DATE
> Task :app:injectCrashlyticsMappingFileIdDebug UP-TO-DATE
> Task :app:processDebugGoogleServices UP-TO-DATE
> Task :app:mapDebugSourceSetPaths UP-TO-DATE
> Task :app:generateDebugResources UP-TO-DATE
> Task :app:mergeDebugResources UP-TO-DATE
> Task :app:packageDebugResources UP-TO-DATE
> Task :app:parseDebugLocalResources UP-TO-DATE
> Task :app:createDebugCompatibleScreenManifests UP-TO-DATE
> Task :app:extractDeepLinksDebug UP-TO-DATE
> Task :app:processDebugMainManifest UP-TO-DATE
> Task :app:processDebugManifest UP-TO-DATE
> Task :app:processDebugManifestForPackage UP-TO-DATE
> Task :app:processDebugResources UP-TO-DATE
> Task :app:kspDebugKotlin UP-TO-DATE

> Task :app:compileDebugKotlin FAILED
e: file:///Users/ygs/Documents/Code/Android/miniclick-trackcalls/app/src/main/java/com/miniclick/calltrackmanage/ui/home/viewmodel/StatsManager.kt:162:27 Not enough information to infer type argument for 'T'.
e: file:///Users/ygs/Documents/Code/Android/miniclick-trackcalls/app/src/main/java/com/miniclick/calltrackmanage/ui/home/viewmodel/StatsManager.kt:163:13 Not enough information to infer type argument for 'C'.
e: file:///Users/ygs/Documents/Code/Android/miniclick-trackcalls/app/src/main/java/com/miniclick/calltrackmanage/ui/home/viewmodel/StatsManager.kt:163:13 Cannot infer type for this parameter. Please specify it explicitly.
e: file:///Users/ygs/Documents/Code/Android/miniclick-trackcalls/app/src/main/java/com/miniclick/calltrackmanage/ui/home/viewmodel/StatsManager.kt:163:34 No value passed for parameter 'third'.
e: file:///Users/ygs/Documents/Code/Android/miniclick-trackcalls/app/src/main/java/com/miniclick/calltrackmanage/ui/home/viewmodel/StatsManager.kt:164:13 Not enough information to infer type argument for 'C'.
e: file:///Users/ygs/Documents/Code/Android/miniclick-trackcalls/app/src/main/java/com/miniclick/calltrackmanage/ui/home/viewmodel/StatsManager.kt:164:34 No value passed for parameter 'third'.
e: file:///Users/ygs/Documents/Code/Android/miniclick-trackcalls/app/src/main/java/com/miniclick/calltrackmanage/ui/home/viewmodel/StatsManager.kt:165:13 Not enough information to infer type argument for 'C'.
e: file:///Users/ygs/Documents/Code/Android/miniclick-trackcalls/app/src/main/java/com/miniclick/calltrackmanage/ui/home/viewmodel/StatsManager.kt:165:34 No value passed for parameter 'third'.
e: file:///Users/ygs/Documents/Code/Android/miniclick-trackcalls/app/src/main/java/com/miniclick/calltrackmanage/ui/home/viewmodel/StatsManager.kt:166:13 Not enough information to infer type argument for 'C'.
e: file:///Users/ygs/Documents/Code/Android/miniclick-trackcalls/app/src/main/java/com/miniclick/calltrackmanage/ui/home/viewmodel/StatsManager.kt:166:36 No value passed for parameter 'third'.
e: file:///Users/ygs/Documents/Code/Android/miniclick-trackcalls/app/src/main/java/com/miniclick/calltrackmanage/ui/home/viewmodel/StatsManager.kt:167:13 Not enough information to infer type argument for 'C'.
e: file:///Users/ygs/Documents/Code/Android/miniclick-trackcalls/app/src/main/java/com/miniclick/calltrackmanage/ui/home/viewmodel/StatsManager.kt:167:34 No value passed for parameter 'third'.
e: file:///Users/ygs/Documents/Code/Android/miniclick-trackcalls/app/src/main/java/com/miniclick/calltrackmanage/ui/home/viewmodel/StatsManager.kt:168:13 Not enough information to infer type argument for 'C'.
e: file:///Users/ygs/Documents/Code/Android/miniclick-trackcalls/app/src/main/java/com/miniclick/calltrackmanage/ui/home/viewmodel/StatsManager.kt:168:33 No value passed for parameter 'third'.
e: file:///Users/ygs/Documents/Code/Android/miniclick-trackcalls/app/src/main/java/com/miniclick/calltrackmanage/ui/home/viewmodel/StatsManager.kt:169:13 Not enough information to infer type argument for 'C'.
e: file:///Users/ygs/Documents/Code/Android/miniclick-trackcalls/app/src/main/java/com/miniclick/calltrackmanage/ui/home/viewmodel/StatsManager.kt:169:32 No value passed for parameter 'third'.
e: file:///Users/ygs/Documents/Code/Android/miniclick-trackcalls/app/src/main/java/com/miniclick/calltrackmanage/ui/home/viewmodel/StatsManager.kt:170:11 Not enough information to infer type argument for 'T'.
e: file:///Users/ygs/Documents/Code/Android/miniclick-trackcalls/app/src/main/java/com/miniclick/calltrackmanage/ui/home/viewmodel/StatsManager.kt:170:11 Not enough information to infer type argument for 'R'.
e: file:///Users/ygs/Documents/Code/Android/miniclick-trackcalls/app/src/main/java/com/miniclick/calltrackmanage/ui/home/viewmodel/StatsManager.kt:170:31 Cannot infer type for this parameter. Please specify it explicitly.
e: file:///Users/ygs/Documents/Code/Android/miniclick-trackcalls/app/src/main/java/com/miniclick/calltrackmanage/ui/home/viewmodel/StatsManager.kt:170:31 Function 'component1()' is ambiguous for this expression: 
@InlineOnly() fun <T> Array<out T>.component1(): T
@InlineOnly() fun BooleanArray.component1(): Boolean
@InlineOnly() fun ByteArray.component1(): Byte
@InlineOnly() fun CharArray.component1(): Char
@InlineOnly() fun DoubleArray.component1(): Double
@InlineOnly() fun FloatArray.component1(): Float
@InlineOnly() fun IntArray.component1(): Int
@InlineOnly() fun LongArray.component1(): Long
@InlineOnly() fun ShortArray.component1(): Short
@InlineOnly() fun <T> List<T>.component1(): T
@InlineOnly() fun <K, V> Map.Entry<K, V>.component1(): K
@SinceKotlin(...) @ExperimentalUnsignedTypes() @InlineOnly() fun UByteArray.component1(): UByte
@SinceKotlin(...) @ExperimentalUnsignedTypes() @InlineOnly() fun UIntArray.component1(): UInt
@SinceKotlin(...) @ExperimentalUnsignedTypes() @InlineOnly() fun ULongArray.component1(): ULong
@SinceKotlin(...) @ExperimentalUnsignedTypes() @InlineOnly() fun UShortArray.component1(): UShort.
e: file:///Users/ygs/Documents/Code/Android/miniclick-trackcalls/app/src/main/java/com/miniclick/calltrackmanage/ui/home/viewmodel/StatsManager.kt:170:31 Function 'component2()' is ambiguous for this expression: 
@InlineOnly() fun <T> Array<out T>.component2(): T
@InlineOnly() fun BooleanArray.component2(): Boolean
@InlineOnly() fun ByteArray.component2(): Byte
@InlineOnly() fun CharArray.component2(): Char
@InlineOnly() fun DoubleArray.component2(): Double
@InlineOnly() fun FloatArray.component2(): Float
@InlineOnly() fun IntArray.component2(): Int
@InlineOnly() fun LongArray.component2(): Long
@InlineOnly() fun ShortArray.component2(): Short
@InlineOnly() fun <T> List<T>.component2(): T
@InlineOnly() fun <K, V> Map.Entry<K, V>.component2(): V
@SinceKotlin(...) @ExperimentalUnsignedTypes() @InlineOnly() fun UByteArray.component2(): UByte
@SinceKotlin(...) @ExperimentalUnsignedTypes() @InlineOnly() fun UIntArray.component2(): UInt
@SinceKotlin(...) @ExperimentalUnsignedTypes() @InlineOnly() fun ULongArray.component2(): ULong
@SinceKotlin(...) @ExperimentalUnsignedTypes() @InlineOnly() fun UShortArray.component2(): UShort.
e: file:///Users/ygs/Documents/Code/Android/miniclick-trackcalls/app/src/main/java/com/miniclick/calltrackmanage/ui/home/viewmodel/StatsManager.kt:171:62 Overload resolution ambiguity between candidates:
fun <@OnlyInputTypes() T> Array<out T>.contains(element: T): Boolean
fun IntArray.contains(element: Int): Boolean
fun <@OnlyInputTypes() T> Iterable<T>.contains(element: T): Boolean
@InlineOnly() fun <@OnlyInputTypes() K, V> Map<out K, V>.contains(key: K): Boolean
@JvmName(...) fun ClosedRange<Byte>.contains(value: Int): Boolean
@JvmName(...) fun ClosedRange<Long>.contains(value: Int): Boolean
@JvmName(...) fun ClosedRange<Short>.contains(value: Int): Boolean
@SinceKotlin(...) @InlineOnly() fun IntRange.contains(element: Int?): Boolean
@InlineOnly() fun LongRange.contains(value: Int): Boolean
@JvmName(...) @SinceKotlin(...) @WasExperimental(...) fun OpenEndRange<Byte>.contains(value: Int): Boolean
@JvmName(...) @SinceKotlin(...) @WasExperimental(...) fun OpenEndRange<Long>.contains(value: Int): Boolean
@JvmName(...) @SinceKotlin(...) @WasExperimental(...) fun OpenEndRange<Short>.contains(value: Int): Boolean
fun <@OnlyInputTypes() T> Sequence<T>.contains(element: T): Boolean

FAILURE: Build failed with an exception.

* What went wrong:
Execution failed for task ':app:compileDebugKotlin'.
> A failure occurred while executing org.jetbrains.kotlin.compilerRunner.GradleCompilerRunnerWithWorkers$GradleKotlinCompilerWorkAction
   > Compilation error. See log for more details

* Try:
> Run with --stacktrace option to get the stack trace.
> Run with --info or --debug option to get more log output.
> Run with --scan to get full insights.
> Get more help at https://help.gradle.org.

BUILD FAILED in 3s
18 actionable tasks: 1 executed, 17 up-to-date
