> Task :app:preBuild UP-TO-DATE
> Task :app:preDebugBuild UP-TO-DATE
> Task :app:mergeDebugNativeDebugMetadata NO-SOURCE
> Task :app:checkKotlinGradlePluginConfigurationErrors SKIPPED
> Task :app:checkDebugAarMetadata UP-TO-DATE
> Task :app:generateDebugResValues UP-TO-DATE
> Task :app:processDebugGoogleServices UP-TO-DATE
> Task :app:mapDebugSourceSetPaths UP-TO-DATE
> Task :app:generateDebugResources UP-TO-DATE
> Task :app:mergeDebugResources UP-TO-DATE
> Task :app:packageDebugResources UP-TO-DATE
> Task :app:parseDebugLocalResources UP-TO-DATE
> Task :app:createDebugCompatibleScreenManifests UP-TO-DATE
> Task :app:extractDeepLinksDebug UP-TO-DATE
> Task :app:processDebugMainManifest UP-TO-DATE
> Task :app:processDebugManifest UP-TO-DATE
> Task :app:processDebugManifestForPackage UP-TO-DATE
> Task :app:processDebugResources UP-TO-DATE
> Task :app:kspDebugKotlin UP-TO-DATE
> Task :app:javaPreCompileDebug UP-TO-DATE
> Task :app:mergeDebugShaders UP-TO-DATE
> Task :app:compileDebugShaders NO-SOURCE
> Task :app:generateDebugAssets UP-TO-DATE
> Task :app:mergeDebugAssets UP-TO-DATE
> Task :app:compressDebugAssets UP-TO-DATE
> Task :app:checkDebugDuplicateClasses UP-TO-DATE
> Task :app:desugarDebugFileDependencies UP-TO-DATE
> Task :app:mergeExtDexDebug UP-TO-DATE
> Task :app:mergeLibDexDebug UP-TO-DATE
> Task :app:mergeDebugJniLibFolders UP-TO-DATE
> Task :app:mergeDebugNativeLibs NO-SOURCE
> Task :app:stripDebugDebugSymbols NO-SOURCE
> Task :app:validateSigningDebug UP-TO-DATE
> Task :app:writeDebugAppMetadata UP-TO-DATE
> Task :app:writeDebugSigningConfigVersions UP-TO-DATE

> Task :app:compileDebugKotlin FAILED
e: file:///Users/ygs/Documents/Code/Android/SalesCrm/app/src/main/java/com/example/salescrm/ui/components/Components.kt:138:5 None of the following candidates is applicable:
@Composable() @ComposableInferredTarget(...) fun Surface(onClick: () -> Unit, modifier: Modifier = ..., enabled: Boolean = ..., shape: Shape = ..., color: Color = ..., contentColor: Color = ..., tonalElevation: Dp = ..., shadowElevation: Dp = ..., border: BorderStroke? = ..., interactionSource: MutableInteractionSource = ..., content: @Composable() ComposableFunction0<Unit>): Unit
@Composable() @ComposableInferredTarget(...) fun Surface(modifier: Modifier = ..., shape: Shape = ..., color: Color = ..., contentColor: Color = ..., tonalElevation: Dp = ..., shadowElevation: Dp = ..., border: BorderStroke? = ..., content: @Composable() ComposableFunction0<Unit>): Unit
@Composable() @ComposableInferredTarget(...) fun Surface(selected: Boolean, onClick: () -> Unit, modifier: Modifier = ..., enabled: Boolean = ..., shape: Shape = ..., color: Color = ..., contentColor: Color = ..., tonalElevation: Dp = ..., shadowElevation: Dp = ..., border: BorderStroke? = ..., interactionSource: MutableInteractionSource = ..., content: @Composable() ComposableFunction0<Unit>): Unit
@Composable() @ComposableInferredTarget(...) fun Surface(checked: Boolean, onCheckedChange: (Boolean) -> Unit, modifier: Modifier = ..., enabled: Boolean = ..., shape: Shape = ..., color: Color = ..., contentColor: Color = ..., tonalElevation: Dp = ..., shadowElevation: Dp = ..., border: BorderStroke? = ..., interactionSource: MutableInteractionSource = ..., content: @Composable() ComposableFunction0<Unit>): Unit
e: file:///Users/ygs/Documents/Code/Android/SalesCrm/app/src/main/java/com/example/salescrm/ui/components/Components.kt:153:9 @Composable invocations can only happen from the context of a @Composable function
e: file:///Users/ygs/Documents/Code/Android/SalesCrm/app/src/main/java/com/example/salescrm/ui/screens/Dialogs.kt:3165:17 No parameter with name 'keyboardOptions' found.
e: file:///Users/ygs/Documents/Code/Android/SalesCrm/app/src/main/java/com/example/salescrm/ui/screens/Dialogs.kt:3168:17 No parameter with name 'keyboardActions' found.
e: file:///Users/ygs/Documents/Code/Android/SalesCrm/app/src/main/java/com/example/salescrm/ui/screens/PeopleScreen.kt:648:26 Unresolved reference 'BorderStroke'.
e: file:///Users/ygs/Documents/Code/Android/SalesCrm/app/src/main/java/com/example/salescrm/ui/screens/PeopleScreen.kt:654:26 Unresolved reference 'horizontalScroll'.
e: file:///Users/ygs/Documents/Code/Android/SalesCrm/app/src/main/java/com/example/salescrm/ui/screens/PeopleScreen.kt:812:11 Unresolved reference 'ImageVector'.
e: file:///Users/ygs/Documents/Code/Android/SalesCrm/app/src/main/java/com/example/salescrm/ui/screens/PeopleScreen.kt:824:9 Overload resolution ambiguity between candidates:
@Composable() @ComposableTarget(...) fun Icon(bitmap: ImageBitmap, contentDescription: String?, modifier: Modifier = ..., tint: Color = ...): Unit
@Composable() @ComposableTarget(...) fun Icon(painter: Painter, contentDescription: String?, modifier: Modifier = ..., tint: Color = ...): Unit
@Composable() @ComposableTarget(...) fun Icon(imageVector: ImageVector, contentDescription: String?, modifier: Modifier = ..., tint: Color = ...): Unit

FAILURE: Build failed with an exception.

* What went wrong:
Execution failed for task ':app:compileDebugKotlin'.
> A failure occurred while executing org.jetbrains.kotlin.compilerRunner.GradleCompilerRunnerWithWorkers$GradleKotlinCompilerWorkAction
   > Compilation error. See log for more details

* Try:
> Run with --stacktrace option to get the stack trace.
> Run with --info or --debug option to get more log output.
> Run with --scan to get full insights.
> Get more help at https://help.gradle.org.

BUILD FAILED in 3s
28 actionable tasks: 1 executed, 27 up-to-date
